# JRE version: Java(TM) SE Runtime Environment (21.0.1+12) (build 21.0.1+12-LTS-29)
# Java VM: Java HotSpot(TM) 64-Bit Server VM (21.0.1+12-LTS-29, mixed mode, sharing, tiered, compressed oops, compressed class ptrs, g1 gc, windows-amd64)
GC Precious Log:
 CardTable entry size: 512
 Card Set container configuration: InlinePtr #cards 4 size 8 Array Of Cards #cards 16 size 48 Howl #buckets 8 coarsen threshold 3686 Howl Bitmap #cards 512 size 80 coarsen threshold 460 Card regions per heap region 1 cards per card region 4096
 CPUs: 6 total, 6 available
 Memory: 16319M
 Large Page Support: Disabled
 NUMA Support: Disabled
 Compressed Oops: Enabled (Zero based)
 Heap Region Size: 2M
 Heap Min Capacity: 8M
 Heap Initial Capacity: 256M
 Heap Max Capacity: 4080M
 Pre-touch: Disabled
 Parallel Workers: 6
 Concurrent Workers: 2
 Concurrent Refinement Workers: 6
 Periodic GC: Disabled
Heap:
 garbage-first heap   total 307200K, used 162333K [0x0000000701000000, 0x0000000800000000)
  region size 2048K, 25 young (51200K), 6 survivors (12288K)
 Metaspace       used 108075K, committed 109120K, reserved 1179648K
  class space    used 11163K, committed 11648K, reserved 1048576K
GC Heap History (20 events):
Event: 16.454 GC heap before
{Heap before GC invocations=28 (full 0):
 garbage-first heap   total 194560K, used 170369K [0x0000000701000000, 0x0000000800000000)
  region size 2048K, 40 young (81920K), 5 survivors (10240K)
 Metaspace       used 103810K, committed 104896K, reserved 1179648K
  class space    used 10949K, committed 11456K, reserved 1048576K
}
Event: 16.469 GC heap after
{Heap after GC invocations=29 (full 0):
 garbage-first heap   total 196608K, used 109297K [0x0000000701000000, 0x0000000800000000)
  region size 2048K, 5 young (10240K), 5 survivors (10240K)
 Metaspace       used 103810K, committed 104896K, reserved 1179648K
  class space    used 10949K, committed 11456K, reserved 1048576K
}
Event: 17.041 GC heap before
{Heap before GC invocations=29 (full 0):
 garbage-first heap   total 196608K, used 172785K [0x0000000701000000, 0x0000000800000000)
  region size 2048K, 36 young (73728K), 5 survivors (10240K)
 Metaspace       used 104112K, committed 105152K, reserved 1179648K
  class space    used 10956K, committed 11456K, reserved 1048576K
}
Event: 17.052 GC heap after
{Heap after GC invocations=30 (full 0):
 garbage-first heap   total 196608K, used 119403K [0x0000000701000000, 0x0000000800000000)
  region size 2048K, 5 young (10240K), 5 survivors (10240K)
 Metaspace       used 104112K, committed 105152K, reserved 1179648K
  class space    used 10956K, committed 11456K, reserved 1048576K
}
Event: 17.850 GC heap before
{Heap before GC invocations=31 (full 0):
 garbage-first heap   total 212992K, used 174699K [0x0000000701000000, 0x0000000800000000)
  region size 2048K, 31 young (63488K), 5 survivors (10240K)
 Metaspace       used 104360K, committed 105408K, reserved 1179648K
  class space    used 10970K, committed 11456K, reserved 1048576K
}
Event: 17.859 GC heap after
{Heap after GC invocations=32 (full 0):
 garbage-first heap   total 212992K, used 128056K [0x0000000701000000, 0x0000000800000000)
  region size 2048K, 4 young (8192K), 4 survivors (8192K)
 Metaspace       used 104360K, committed 105408K, reserved 1179648K
  class space    used 10970K, committed 11456K, reserved 1048576K
}
Event: 18.800 GC heap before
{Heap before GC invocations=32 (full 0):
 garbage-first heap   total 212992K, used 187448K [0x0000000701000000, 0x0000000800000000)
  region size 2048K, 33 young (67584K), 4 survivors (8192K)
 Metaspace       used 104680K, committed 105728K, reserved 1179648K
  class space    used 10988K, committed 11456K, reserved 1048576K
}
Event: 18.810 GC heap after
{Heap after GC invocations=33 (full 0):
 garbage-first heap   total 256000K, used 131649K [0x0000000701000000, 0x0000000800000000)
  region size 2048K, 3 young (6144K), 3 survivors (6144K)
 Metaspace       used 104680K, committed 105728K, reserved 1179648K
  class space    used 10988K, committed 11456K, reserved 1048576K
}
Event: 19.920 GC heap before
{Heap before GC invocations=33 (full 0):
 garbage-first heap   total 256000K, used 225857K [0x0000000701000000, 0x0000000800000000)
  region size 2048K, 49 young (100352K), 3 survivors (6144K)
 Metaspace       used 104940K, committed 105984K, reserved 1179648K
  class space    used 10991K, committed 11456K, reserved 1048576K
}
Event: 19.932 GC heap after
{Heap after GC invocations=34 (full 0):
 garbage-first heap   total 256000K, used 139794K [0x0000000701000000, 0x0000000800000000)
  region size 2048K, 7 young (14336K), 7 survivors (14336K)
 Metaspace       used 104940K, committed 105984K, reserved 1179648K
  class space    used 10991K, committed 11456K, reserved 1048576K
}
Event: 20.972 GC heap before
{Heap before GC invocations=34 (full 0):
 garbage-first heap   total 256000K, used 225810K [0x0000000701000000, 0x0000000800000000)
  region size 2048K, 49 young (100352K), 7 survivors (14336K)
 Metaspace       used 105057K, committed 106112K, reserved 1179648K
  class space    used 10992K, committed 11456K, reserved 1048576K
}
Event: 20.982 GC heap after
{Heap after GC invocations=35 (full 0):
 garbage-first heap   total 256000K, used 145408K [0x0000000701000000, 0x0000000800000000)
  region size 2048K, 3 young (6144K), 3 survivors (6144K)
 Metaspace       used 105057K, committed 106112K, reserved 1179648K
  class space    used 10992K, committed 11456K, reserved 1048576K
}
Event: 21.689 GC heap before
{Heap before GC invocations=35 (full 0):
 garbage-first heap   total 256000K, used 233472K [0x0000000701000000, 0x0000000800000000)
  region size 2048K, 46 young (94208K), 3 survivors (6144K)
 Metaspace       used 105979K, committed 107008K, reserved 1179648K
  class space    used 11079K, committed 11584K, reserved 1048576K
}
Event: 21.695 GC heap after
{Heap after GC invocations=36 (full 0):
 garbage-first heap   total 256000K, used 148509K [0x0000000701000000, 0x0000000800000000)
  region size 2048K, 5 young (10240K), 5 survivors (10240K)
 Metaspace       used 105979K, committed 107008K, reserved 1179648K
  class space    used 11079K, committed 11584K, reserved 1048576K
}
Event: 22.627 GC heap before
{Heap before GC invocations=37 (full 0):
 garbage-first heap   total 256000K, used 230429K [0x0000000701000000, 0x0000000800000000)
  region size 2048K, 45 young (92160K), 5 survivors (10240K)
 Metaspace       used 107207K, committed 108288K, reserved 1179648K
  class space    used 11128K, committed 11648K, reserved 1048576K
}
Event: 22.636 GC heap after
{Heap after GC invocations=38 (full 0):
 garbage-first heap   total 256000K, used 156629K [0x0000000701000000, 0x0000000800000000)
  region size 2048K, 6 young (12288K), 6 survivors (12288K)
 Metaspace       used 107207K, committed 108288K, reserved 1179648K
  class space    used 11128K, committed 11648K, reserved 1048576K
}
Event: 23.167 GC heap before
{Heap before GC invocations=38 (full 0):
 garbage-first heap   total 256000K, used 228309K [0x0000000701000000, 0x0000000800000000)
  region size 2048K, 41 young (83968K), 6 survivors (12288K)
 Metaspace       used 107713K, committed 108800K, reserved 1179648K
  class space    used 11159K, committed 11648K, reserved 1048576K
}
Event: 23.191 GC heap after
{Heap after GC invocations=39 (full 0):
 garbage-first heap   total 256000K, used 138939K [0x0000000701000000, 0x0000000800000000)
  region size 2048K, 4 young (8192K), 4 survivors (8192K)
 Metaspace       used 107713K, committed 108800K, reserved 1179648K
  class space    used 11159K, committed 11648K, reserved 1048576K
}
Event: 23.753 GC heap before
{Heap before GC invocations=39 (full 0):
 garbage-first heap   total 256000K, used 231099K [0x0000000701000000, 0x0000000800000000)
  region size 2048K, 49 young (100352K), 4 survivors (8192K)
 Metaspace       used 107975K, committed 109056K, reserved 1179648K
  class space    used 11162K, committed 11648K, reserved 1048576K
}
Event: 23.780 GC heap after
{Heap after GC invocations=40 (full 0):
 garbage-first heap   total 307200K, used 125469K [0x0000000701000000, 0x0000000800000000)
  region size 2048K, 6 young (12288K), 6 survivors (12288K)
 Metaspace       used 107975K, committed 109056K, reserved 1179648K
  class space    used 11162K, committed 11648K, reserved 1048576K
}

