# JRE version: Java(TM) SE Runtime Environment (21.0.1+12) (build 21.0.1+12-LTS-29)
# Java VM: Java HotSpot(TM) 64-Bit Server VM (21.0.1+12-LTS-29, mixed mode, sharing, tiered, compressed oops, compressed class ptrs, g1 gc, windows-amd64)
GC Precious Log:
 CardTable entry size: 512
 Card Set container configuration: InlinePtr #cards 4 size 8 Array Of Cards #cards 16 size 48 Howl #buckets 8 coarsen threshold 3686 Howl Bitmap #cards 512 size 80 coarsen threshold 460 Card regions per heap region 1 cards per card region 4096
 CPUs: 6 total, 6 available
 Memory: 16319M
 Large Page Support: Disabled
 NUMA Support: Disabled
 Compressed Oops: Enabled (Zero based)
 Heap Region Size: 2M
 Heap Min Capacity: 8M
 Heap Initial Capacity: 256M
 Heap Max Capacity: 4080M
 Pre-touch: Disabled
 Parallel Workers: 6
 Concurrent Workers: 2
 Concurrent Refinement Workers: 6
 Periodic GC: Disabled
Heap:
 garbage-first heap   total 147456K, used 95772K [0x0000000701000000, 0x0000000800000000)
  region size 2048K, 20 young (40960K), 5 survivors (10240K)
 Metaspace       used 76503K, committed 77440K, reserved 1179648K
  class space    used 8806K, committed 9280K, reserved 1048576K
GC Heap History (20 events):
Event: 3.139 GC heap before
{Heap before GC invocations=4 (full 0):
 garbage-first heap   total 81920K, used 80526K [0x0000000701000000, 0x0000000800000000)
  region size 2048K, 36 young (73728K), 7 survivors (14336K)
 Metaspace       used 24797K, committed 25152K, reserved 1114112K
  class space    used 2599K, committed 2752K, reserved 1048576K
}
Event: 3.149 GC heap after
{Heap after GC invocations=5 (full 0):
 garbage-first heap   total 102400K, used 26276K [0x0000000701000000, 0x0000000800000000)
  region size 2048K, 3 young (6144K), 3 survivors (6144K)
 Metaspace       used 24797K, committed 25152K, reserved 1114112K
  class space    used 2599K, committed 2752K, reserved 1048576K
}
Event: 3.777 GC heap before
{Heap before GC invocations=5 (full 0):
 garbage-first heap   total 102400K, used 81572K [0x0000000701000000, 0x0000000800000000)
  region size 2048K, 30 young (61440K), 3 survivors (6144K)
 Metaspace       used 33297K, committed 33600K, reserved 1114112K
  class space    used 3701K, committed 3840K, reserved 1048576K
}
Event: 3.783 GC heap after
{Heap after GC invocations=6 (full 0):
 garbage-first heap   total 102400K, used 28004K [0x0000000701000000, 0x0000000800000000)
  region size 2048K, 3 young (6144K), 3 survivors (6144K)
 Metaspace       used 33297K, committed 33600K, reserved 1114112K
  class space    used 3701K, committed 3840K, reserved 1048576K
}
Event: 3.897 GC heap before
{Heap before GC invocations=6 (full 0):
 garbage-first heap   total 102400K, used 36196K [0x0000000701000000, 0x0000000800000000)
  region size 2048K, 8 young (16384K), 3 survivors (6144K)
 Metaspace       used 35648K, committed 35968K, reserved 1114112K
  class space    used 3984K, committed 4160K, reserved 1048576K
}
Event: 3.903 GC heap after
{Heap after GC invocations=7 (full 0):
 garbage-first heap   total 102400K, used 28798K [0x0000000701000000, 0x0000000800000000)
  region size 2048K, 2 young (4096K), 2 survivors (4096K)
 Metaspace       used 35648K, committed 35968K, reserved 1114112K
  class space    used 3984K, committed 4160K, reserved 1048576K
}
Event: 4.617 GC heap before
{Heap before GC invocations=8 (full 0):
 garbage-first heap   total 102400K, used 86142K [0x0000000701000000, 0x0000000800000000)
  region size 2048K, 30 young (61440K), 2 survivors (4096K)
 Metaspace       used 45445K, committed 45888K, reserved 1114112K
  class space    used 5622K, committed 5824K, reserved 1048576K
}
Event: 4.626 GC heap after
{Heap after GC invocations=9 (full 0):
 garbage-first heap   total 122880K, used 35518K [0x0000000701000000, 0x0000000800000000)
  region size 2048K, 4 young (8192K), 4 survivors (8192K)
 Metaspace       used 45445K, committed 45888K, reserved 1114112K
  class space    used 5622K, committed 5824K, reserved 1048576K
}
Event: 5.281 GC heap before
{Heap before GC invocations=9 (full 0):
 garbage-first heap   total 122880K, used 101054K [0x0000000701000000, 0x0000000800000000)
  region size 2048K, 36 young (73728K), 4 survivors (8192K)
 Metaspace       used 55796K, committed 56576K, reserved 1114112K
  class space    used 6723K, committed 7104K, reserved 1048576K
}
Event: 5.295 GC heap after
{Heap after GC invocations=10 (full 0):
 garbage-first heap   total 122880K, used 41982K [0x0000000701000000, 0x0000000800000000)
  region size 2048K, 4 young (8192K), 4 survivors (8192K)
 Metaspace       used 55796K, committed 56576K, reserved 1114112K
  class space    used 6723K, committed 7104K, reserved 1048576K
}
Event: 5.648 GC heap before
{Heap before GC invocations=10 (full 0):
 garbage-first heap   total 122880K, used 66558K [0x0000000701000000, 0x0000000800000000)
  region size 2048K, 17 young (34816K), 4 survivors (8192K)
 Metaspace       used 59504K, committed 60416K, reserved 1114112K
  class space    used 7148K, committed 7616K, reserved 1048576K
}
Event: 5.657 GC heap after
{Heap after GC invocations=11 (full 0):
 garbage-first heap   total 122880K, used 45032K [0x0000000701000000, 0x0000000800000000)
  region size 2048K, 2 young (4096K), 2 survivors (4096K)
 Metaspace       used 59504K, committed 60416K, reserved 1114112K
  class space    used 7148K, committed 7616K, reserved 1048576K
}
Event: 6.049 GC heap before
{Heap before GC invocations=12 (full 0):
 garbage-first heap   total 122880K, used 104424K [0x0000000701000000, 0x0000000800000000)
  region size 2048K, 31 young (63488K), 2 survivors (4096K)
 Metaspace       used 62771K, committed 63744K, reserved 1114112K
  class space    used 7534K, committed 8000K, reserved 1048576K
}
Event: 6.057 GC heap after
{Heap after GC invocations=13 (full 0):
 garbage-first heap   total 122880K, used 49152K [0x0000000701000000, 0x0000000800000000)
  region size 2048K, 4 young (8192K), 4 survivors (8192K)
 Metaspace       used 62771K, committed 63744K, reserved 1114112K
  class space    used 7534K, committed 8000K, reserved 1048576K
}
Event: 6.915 GC heap before
{Heap before GC invocations=13 (full 0):
 garbage-first heap   total 122880K, used 106496K [0x0000000701000000, 0x0000000800000000)
  region size 2048K, 32 young (65536K), 4 survivors (8192K)
 Metaspace       used 69912K, committed 70912K, reserved 1114112K
  class space    used 8292K, committed 8768K, reserved 1048576K
}
Event: 6.933 GC heap after
{Heap after GC invocations=14 (full 0):
 garbage-first heap   total 122880K, used 55064K [0x0000000701000000, 0x0000000800000000)
  region size 2048K, 4 young (8192K), 4 survivors (8192K)
 Metaspace       used 69912K, committed 70912K, reserved 1114112K
  class space    used 8292K, committed 8768K, reserved 1048576K
}
Event: 7.012 GC heap before
{Heap before GC invocations=14 (full 0):
 garbage-first heap   total 122880K, used 59160K [0x0000000701000000, 0x0000000800000000)
  region size 2048K, 7 young (14336K), 4 survivors (8192K)
 Metaspace       used 70443K, committed 71424K, reserved 1114112K
  class space    used 8360K, committed 8832K, reserved 1048576K
}
Event: 7.024 GC heap after
{Heap after GC invocations=15 (full 0):
 garbage-first heap   total 147456K, used 57448K [0x0000000701000000, 0x0000000800000000)
  region size 2048K, 1 young (2048K), 1 survivors (2048K)
 Metaspace       used 70443K, committed 71424K, reserved 1114112K
  class space    used 8360K, committed 8832K, reserved 1048576K
}
Event: 8.069 GC heap before
{Heap before GC invocations=15 (full 0):
 garbage-first heap   total 147456K, used 129128K [0x0000000701000000, 0x0000000800000000)
  region size 2048K, 35 young (71680K), 1 survivors (2048K)
 Metaspace       used 74849K, committed 75840K, reserved 1179648K
  class space    used 8757K, committed 9216K, reserved 1048576K
}
Event: 8.078 GC heap after
{Heap after GC invocations=16 (full 0):
 garbage-first heap   total 147456K, used 67100K [0x0000000701000000, 0x0000000800000000)
  region size 2048K, 5 young (10240K), 5 survivors (10240K)
 Metaspace       used 74849K, committed 75840K, reserved 1179648K
  class space    used 8757K, committed 9216K, reserved 1048576K
}

